<?xml version="1.0" encoding="UTF-8"?>
<!-- Generated by org.testng.reporters.JUnitXMLReporter -->
<testsuite ignored="0" hostname="TTPL-LNV-0159" failures="0" tests="6" name="Default test" time="5.264" errors="0" timestamp="2024-11-19T19:31:30 IST">
  <testcase classname="Evzin_AdminPortal.RPM.Authentication" name="testlogin" time="0.531"/>
  <testcase classname="Evzin_AdminPortal.RPM.AddDevice" name="ClickHospital" time="2.313"/>
  <testcase classname="Evzin_AdminPortal.RPM.AddDevice" name="ClickDevice" time="0.327"/>
  <testcase classname="Evzin_AdminPortal.RPM.AddDevice" name="AddDevicebutton" time="0.191"/>
  <testcase classname="Evzin_AdminPortal.RPM.AddDevice" name="Adddeviceform" time="0.995"/>
  <testcase classname="Evzin_AdminPortal.RPM.Authentication" name="testlogout" time="0.862"/>
</testsuite> <!-- Default test -->
